<?xml version="1.0" encoding="UTF-8"?>
<testng-results ignored="4" total="5" passed="1" failed="0" skipped="0">
  <reporter-output>
    <line>
      <![CDATA[ go to automationexercise website]]>
    </line>
    <line>
      <![CDATA[Click on 'Signup / Login' button]]>
    </line>
    <line>
      <![CDATA[Enter incorrect email address as sahe3233@gmail.com and incorrect password as A1234]]>
    </line>
    <line>
      <![CDATA[Click 'login' button and Verify error 'Your email or password is incorrect!' is visible ]]>
    </line>
  </reporter-output>
  <suite started-at="2024-03-29T16:48:27 EET" name="Default suite" finished-at="2024-03-29T16:48:57 EET" duration-ms="30253">
    <groups>
    </groups>
    <test started-at="2024-03-29T16:48:27 EET" name="Default test" finished-at="2024-03-29T16:48:57 EET" duration-ms="30253">
      <class name="maven_package.ecommerce_project.TestCasesNG">
        <test-method signature="Login()[pri:2, instance:maven_package.ecommerce_project.TestCasesNG@fba92d3]" started-at="2024-03-29T16:48:27 EET" name="Login" finished-at="2024-03-29T16:48:57 EET" duration-ms="30204" status="PASS">
          <reporter-output>
            <line>
              <![CDATA[ go to automationexercise website]]>
            </line>
            <line>
              <![CDATA[Click on 'Signup / Login' button]]>
            </line>
            <line>
              <![CDATA[Enter incorrect email address as sahe3233@gmail.com and incorrect password as A1234]]>
            </line>
            <line>
              <![CDATA[Click 'login' button and Verify error 'Your email or password is incorrect!' is visible ]]>
            </line>
          </reporter-output>
        </test-method> <!-- Login -->
      </class> <!-- maven_package.ecommerce_project.TestCasesNG -->
    </test> <!-- Default test -->
  </suite> <!-- Default suite -->
</testng-results>
