<?xml version="1.0" encoding="UTF-8"?>
<!-- Generated by org.testng.reporters.JUnitXMLReporter -->
<testsuite ignored="4" hostname="DESKTOP-U7P9US7" failures="0" tests="1" name="Default test" time="30.253" errors="0" timestamp="2024-03-29T16:48:57 EET">
  <testcase classname="maven_package.ecommerce_project.TestCasesNG" name="Login" time="30.204"/>
  <testcase classname="maven_package.ecommerce_project.TestCasesNG" name="Register" time="0.0">
    <ignored/>
  </testcase> <!-- Register -->
  <testcase classname="maven_package.ecommerce_project.TestCasesNG" name="SearchProductsandVerifyCartAfterLogin" time="0.0">
    <ignored/>
  </testcase> <!-- SearchProductsandVerifyCartAfterLogin -->
  <testcase classname="maven_package.ecommerce_project.TestCasesNG" name="RemoveProductsfromCart" time="0.0">
    <ignored/>
  </testcase> <!-- RemoveProductsfromCart -->
  <testcase classname="maven_package.ecommerce_project.TestCasesNG" name="PlaceOrderLoginbeforeCheckout" time="0.0">
    <ignored/>
  </testcase> <!-- PlaceOrderLoginbeforeCheckout -->
</testsuite> <!-- Default test -->
